<?xml version="1.0" encoding="UTF-8"?>
<testsuite xmlns:xsi="http://www.w3.org/2001/XMLSchema-instance" xsi:noNamespaceSchemaLocation="https://maven.apache.org/surefire/maven-surefire-plugin/xsd/surefire-test-report.xsd" name="com.automatedtest.platform.interceptor.AuthenticationInterceptorTest" time="0.738" tests="5" errors="0" skipped="0" failures="0">
  <properties>
[...]
</properties>
  <testcase name="testPreHandle_ValidUserName" classname="com.automatedtest.platform.interceptor.AuthenticationInterceptorTest" time="0.722"/>
  <testcase name="testPreHandle_ProjectId_AccessDenied" classname="com.automatedtest.platform.interceptor.AuthenticationInterceptorTest" time="0.003"/>
  <testcase name="testPreHandle_ProjectApiKey_MismatchProjectId" classname="com.automatedtest.platform.interceptor.AuthenticationInterceptorTest" time="0.002"/>
  <testcase name="testPreHandle_ValidProjectApiKey" classname="com.automatedtest.platform.interceptor.AuthenticationInterceptorTest" time="0.001"/>
  <testcase name="testPreHandle_ValidUserApiKey" classname="com.automatedtest.platform.interceptor.AuthenticationInterceptorTest" time="0.001"/>
</testsuite>